This file contains any messages produced by compilers while
running configure, to aid debugging if configure makes a mistake.

It was created by thread configure 2.7.0, which was
generated by GNU Autoconf 2.59.  Invocation command line was

  $ ./configure --cache-file=/dev/null --disable-option-checking --prefix=/opt/local/libexec/macports --srcdir=.

## --------- ##
## Platform. ##
## --------- ##

hostname = yehjamestekiMacBook-Air.local
uname -m = x86_64
uname -r = 15.3.0
uname -s = Darwin
uname -v = Darwin Kernel Version 15.3.0: Thu Dec 10 18:40:58 PST 2015; root:xnu-3248.30.4~1/RELEASE_X86_64

/usr/bin/uname -p = i386
/bin/uname -X     = unknown

/bin/arch              = unknown
/usr/bin/arch -k       = unknown
/usr/convex/getsysinfo = unknown
hostinfo               = Mach kernel version:
	 Darwin Kernel Version 15.3.0: Thu Dec 10 18:40:58 PST 2015; root:xnu-3248.30.4~1/RELEASE_X86_64
Kernel configured for up to 4 processors.
2 processors are physically available.
4 processors are logically available.
Processor type: x86_64h (Intel x86-64h Haswell)
Processors active: 0 1 2 3
Primary memory available: 8.00 gigabytes
Default processor set: 249 tasks, 1893 threads, 4 processors
Load average: 4.59, Mach factor: 1.18
/bin/machine           = unknown
/usr/bin/oslevel       = unknown
/bin/universe          = unknown

PATH: /Library/Frameworks/Python.framework/Versions/3.4/bin
PATH: /Users/yehjames/.rvm/gems/ruby-1.9.3-p327/bin
PATH: /Users/yehjames/.rvm/gems/ruby-1.9.3-p327@global/bin
PATH: /Users/yehjames/.rvm/rubies/ruby-1.9.3-p327/bin
PATH: /Users/yehjames/.rvm/bin
PATH: /usr/local/bin
PATH: /usr/bin
PATH: /bin
PATH: /usr/sbin
PATH: /sbin
PATH: /usr/local/git/bin
PATH: /Library/Java/JavaVirtualMachines/jdk1.7.0_07.jdk/Contents/Home/bin
PATH: /usr/local/ant/bin
PATH: /Applications/adt-bundle-mac-x86_64-20140702/sdk/platform-tools
PATH: /Applications/Sublime Text.app/Contents/SharedSupport/bin
PATH: /Library/unarchiver command line


## ----------- ##
## Core tests. ##
## ----------- ##

configure:1331: checking for correct TEA configuration
configure:1350: result: ok (TEA 3.9)
configure:1431: configuring thread 2.7.0
configure:1500: checking for Tcl configuration
configure:1627: result: found /Users/yehjames/Documents/Google Code Jam/2016/1-A-round/2/MacPorts-2.3.3/vendor/tcl8.5.15/unix/tclConfig.sh
configure:1678: checking for gcc
configure:1694: found /usr/bin/gcc
configure:1704: result: gcc
configure:1948: checking for C compiler version
configure:1951: gcc --version </dev/null >&5
Configured with: --prefix=/Applications/Xcode.app/Contents/Developer//usr --with-gxx-include-dir=/Applications/Xcode.app/Contents/Developer/Platforms/MacOSX.platform/Developer/SDKs/MacOSX10.11.sdk/usr/include/c++/4.2.1
Apple LLVM version 7.3.0 (clang-703.0.29)
Target: x86_64-apple-darwin15.3.0
Thread model: posix
InstalledDir: /Applications/Xcode.app/Contents/Developer/Toolchains/XcodeDefault.xctoolchain/usr/bin
configure:1954: $? = 0
configure:1956: gcc -v </dev/null >&5
Configured with: --prefix=/Applications/Xcode.app/Contents/Developer//usr --with-gxx-include-dir=/Applications/Xcode.app/Contents/Developer/Platforms/MacOSX.platform/Developer/SDKs/MacOSX10.11.sdk/usr/include/c++/4.2.1
Apple LLVM version 7.3.0 (clang-703.0.29)
Target: x86_64-apple-darwin15.3.0
Thread model: posix
InstalledDir: /Applications/Xcode.app/Contents/Developer/Toolchains/XcodeDefault.xctoolchain/usr/bin
configure:1959: $? = 0
configure:1961: gcc -V </dev/null >&5
clang: error: argument to '-V' is missing (expected 1 value)
clang: error: no input files
configure:1964: $? = 1
configure:1987: checking for C compiler default output file name
configure:1990: gcc    conftest.c  >&5
configure:1993: $? = 0
configure:2039: result: a.out
configure:2044: checking whether the C compiler works
configure:2050: ./a.out
configure:2053: $? = 0
configure:2070: result: yes
configure:2077: checking whether we are cross compiling
configure:2079: result: no
configure:2082: checking for suffix of executables
configure:2084: gcc -o conftest    conftest.c  >&5
configure:2087: $? = 0
configure:2112: result: 
configure:2118: checking for suffix of object files
configure:2139: gcc -c   conftest.c >&5
configure:2142: $? = 0
configure:2164: result: o
configure:2168: checking whether we are using the GNU C compiler
configure:2192: gcc -c   conftest.c >&5
configure:2198: $? = 0
configure:2202: test -z 
			 || test ! -s conftest.err
configure:2205: $? = 0
configure:2208: test -s conftest.o
configure:2211: $? = 0
configure:2224: result: yes
configure:2230: checking whether gcc accepts -g
configure:2251: gcc -c -g  conftest.c >&5
configure:2257: $? = 0
configure:2261: test -z 
			 || test ! -s conftest.err
configure:2264: $? = 0
configure:2267: test -s conftest.o
configure:2270: $? = 0
configure:2281: result: yes
configure:2298: checking for gcc option to accept ANSI C
configure:2368: gcc  -c   conftest.c >&5
configure:2374: $? = 0
configure:2378: test -z 
			 || test ! -s conftest.err
configure:2381: $? = 0
configure:2384: test -s conftest.o
configure:2387: $? = 0
configure:2405: result: none needed
configure:2423: gcc -c   conftest.c >&5
conftest.c:2:3: error: unknown type name 'choke'
  choke me
  ^
conftest.c:2:11: error: expected ';' after top level declarator
  choke me
          ^
          ;
2 errors generated.
configure:2429: $? = 1
configure: failed program was:
| #ifndef __cplusplus
|   choke me
| #endif
configure:2564: checking for existence of /Users/yehjames/Documents/Google Code Jam/2016/1-A-round/2/MacPorts-2.3.3/vendor/tcl8.5.15/unix/tclConfig.sh
configure:2568: result: loading
configure:2632: checking platform
configure:2655: gcc -c   conftest.c >&5
configure:2661: $? = 0
configure:2665: test -z 
			 || test ! -s conftest.err
configure:2668: $? = 0
configure:2671: test -s conftest.o
configure:2674: $? = 0
configure:2686: result: unix
configure:2754: --exec-prefix defaulting to TCL_EXEC_PREFIX /opt/local/libexec/macports
configure:2822: checking for gcc
configure:2848: result: gcc
configure:3092: checking for C compiler version
configure:3095: gcc --version </dev/null >&5
Configured with: --prefix=/Applications/Xcode.app/Contents/Developer//usr --with-gxx-include-dir=/Applications/Xcode.app/Contents/Developer/Platforms/MacOSX.platform/Developer/SDKs/MacOSX10.11.sdk/usr/include/c++/4.2.1
Apple LLVM version 7.3.0 (clang-703.0.29)
Target: x86_64-apple-darwin15.3.0
Thread model: posix
InstalledDir: /Applications/Xcode.app/Contents/Developer/Toolchains/XcodeDefault.xctoolchain/usr/bin
configure:3098: $? = 0
configure:3100: gcc -v </dev/null >&5
Configured with: --prefix=/Applications/Xcode.app/Contents/Developer//usr --with-gxx-include-dir=/Applications/Xcode.app/Contents/Developer/Platforms/MacOSX.platform/Developer/SDKs/MacOSX10.11.sdk/usr/include/c++/4.2.1
Apple LLVM version 7.3.0 (clang-703.0.29)
Target: x86_64-apple-darwin15.3.0
Thread model: posix
InstalledDir: /Applications/Xcode.app/Contents/Developer/Toolchains/XcodeDefault.xctoolchain/usr/bin
configure:3103: $? = 0
configure:3105: gcc -V </dev/null >&5
clang: error: argument to '-V' is missing (expected 1 value)
clang: error: no input files
configure:3108: $? = 1
configure:3111: checking whether we are using the GNU C compiler
configure:3167: result: yes
configure:3173: checking whether gcc accepts -g
configure:3224: result: yes
configure:3241: checking for gcc option to accept ANSI C
configure:3348: result: none needed
configure:3366: gcc -c   conftest.c >&5
conftest.c:2:3: error: unknown type name 'choke'
  choke me
  ^
conftest.c:2:11: error: expected ';' after top level declarator
  choke me
          ^
          ;
2 errors generated.
configure:3372: $? = 1
configure: failed program was:
| #ifndef __cplusplus
|   choke me
| #endif
configure:3510: checking how to run the C preprocessor
configure:3545: gcc -E  conftest.c
configure:3551: $? = 0
configure:3583: gcc -E  conftest.c
conftest.c:10:10: fatal error: 'ac_nonexistent.h' file not found
#include <ac_nonexistent.h>
         ^
1 error generated.
configure:3589: $? = 1
configure: failed program was:
| /* confdefs.h.  */
| 
| #define PACKAGE_NAME "thread"
| #define PACKAGE_TARNAME "thread"
| #define PACKAGE_VERSION "2.7.0"
| #define PACKAGE_STRING "thread 2.7.0"
| #define PACKAGE_BUGREPORT ""
| #define BUILD_thread
| /* end confdefs.h.  */
| #include <ac_nonexistent.h>
configure:3628: result: gcc -E
configure:3652: gcc -E  conftest.c
configure:3658: $? = 0
configure:3690: gcc -E  conftest.c
conftest.c:10:10: fatal error: 'ac_nonexistent.h' file not found
#include <ac_nonexistent.h>
         ^
1 error generated.
configure:3696: $? = 1
configure: failed program was:
| /* confdefs.h.  */
| 
| #define PACKAGE_NAME "thread"
| #define PACKAGE_TARNAME "thread"
| #define PACKAGE_VERSION "2.7.0"
| #define PACKAGE_STRING "thread 2.7.0"
| #define PACKAGE_BUGREPORT ""
| #define BUILD_thread
| /* end confdefs.h.  */
| #include <ac_nonexistent.h>
configure:3744: checking whether make sets $(MAKE)
configure:3764: result: yes
configure:3819: checking for ranlib
configure:3835: found /usr/bin/ranlib
configure:3845: result: ranlib
configure:3866: checking for egrep
configure:3876: result: grep -E
configure:3881: checking for ANSI C header files
configure:3906: gcc -c   conftest.c >&5
configure:3912: $? = 0
configure:3916: test -z 
			 || test ! -s conftest.err
configure:3919: $? = 0
configure:3922: test -s conftest.o
configure:3925: $? = 0
configure:4014: gcc -o conftest    conftest.c  >&5
conftest.c:27:7: warning: implicitly declaring library function 'exit' with type 'void (int) __attribute__((noreturn))' [-Wimplicit-function-declaration]
      exit(2);
      ^
conftest.c:27:7: note: include the header <stdlib.h> or explicitly provide a declaration for 'exit'
1 warning generated.
configure:4017: $? = 0
configure:4019: ./conftest
configure:4022: $? = 0
configure:4037: result: yes
configure:4061: checking for sys/types.h
configure:4077: gcc -c   conftest.c >&5
configure:4083: $? = 0
configure:4087: test -z 
			 || test ! -s conftest.err
configure:4090: $? = 0
configure:4093: test -s conftest.o
configure:4096: $? = 0
configure:4107: result: yes
configure:4061: checking for sys/stat.h
configure:4077: gcc -c   conftest.c >&5
configure:4083: $? = 0
configure:4087: test -z 
			 || test ! -s conftest.err
configure:4090: $? = 0
configure:4093: test -s conftest.o
configure:4096: $? = 0
configure:4107: result: yes
configure:4061: checking for stdlib.h
configure:4077: gcc -c   conftest.c >&5
configure:4083: $? = 0
configure:4087: test -z 
			 || test ! -s conftest.err
configure:4090: $? = 0
configure:4093: test -s conftest.o
configure:4096: $? = 0
configure:4107: result: yes
configure:4061: checking for string.h
configure:4077: gcc -c   conftest.c >&5
configure:4083: $? = 0
configure:4087: test -z 
			 || test ! -s conftest.err
configure:4090: $? = 0
configure:4093: test -s conftest.o
configure:4096: $? = 0
configure:4107: result: yes
configure:4061: checking for memory.h
configure:4077: gcc -c   conftest.c >&5
configure:4083: $? = 0
configure:4087: test -z 
			 || test ! -s conftest.err
configure:4090: $? = 0
configure:4093: test -s conftest.o
configure:4096: $? = 0
configure:4107: result: yes
configure:4061: checking for strings.h
configure:4077: gcc -c   conftest.c >&5
configure:4083: $? = 0
configure:4087: test -z 
			 || test ! -s conftest.err
configure:4090: $? = 0
configure:4093: test -s conftest.o
configure:4096: $? = 0
configure:4107: result: yes
configure:4061: checking for inttypes.h
configure:4077: gcc -c   conftest.c >&5
configure:4083: $? = 0
configure:4087: test -z 
			 || test ! -s conftest.err
configure:4090: $? = 0
configure:4093: test -s conftest.o
configure:4096: $? = 0
configure:4107: result: yes
configure:4061: checking for stdint.h
configure:4077: gcc -c   conftest.c >&5
configure:4083: $? = 0
configure:4087: test -z 
			 || test ! -s conftest.err
configure:4090: $? = 0
configure:4093: test -s conftest.o
configure:4096: $? = 0
configure:4107: result: yes
configure:4061: checking for unistd.h
configure:4077: gcc -c   conftest.c >&5
configure:4083: $? = 0
configure:4087: test -z 
			 || test ! -s conftest.err
configure:4090: $? = 0
configure:4093: test -s conftest.o
configure:4096: $? = 0
configure:4107: result: yes
configure:4129: checking if the compiler understands -pipe
configure:4152: gcc -c  -pipe  conftest.c >&5
configure:4158: $? = 0
configure:4162: test -z 
			 || test ! -s conftest.err
configure:4165: $? = 0
configure:4168: test -s conftest.o
configure:4171: $? = 0
configure:4183: result: yes
configure:4194: checking whether byte ordering is bigendian
configure:4221: gcc -c  -pipe  conftest.c >&5
configure:4227: $? = 0
configure:4231: test -z 
			 || test ! -s conftest.err
configure:4234: $? = 0
configure:4237: test -s conftest.o
configure:4240: $? = 0
configure:4264: gcc -c  -pipe  conftest.c >&5
conftest.c:27:2: error: use of undeclared identifier 'not'
 not big endian
 ^
1 error generated.
configure:4270: $? = 1
configure: failed program was:
| /* confdefs.h.  */
| 
| #define PACKAGE_NAME "thread"
| #define PACKAGE_TARNAME "thread"
| #define PACKAGE_VERSION "2.7.0"
| #define PACKAGE_STRING "thread 2.7.0"
| #define PACKAGE_BUGREPORT ""
| #define BUILD_thread
| #define STDC_HEADERS 1
| #define HAVE_SYS_TYPES_H 1
| #define HAVE_SYS_STAT_H 1
| #define HAVE_STDLIB_H 1
| #define HAVE_STRING_H 1
| #define HAVE_MEMORY_H 1
| #define HAVE_STRINGS_H 1
| #define HAVE_INTTYPES_H 1
| #define HAVE_STDINT_H 1
| #define HAVE_UNISTD_H 1
| /* end confdefs.h.  */
| #include <sys/types.h>
| #include <sys/param.h>
| 
| int
| main ()
| {
| #if BYTE_ORDER != BIG_ENDIAN
|  not big endian
| #endif
| 
|   ;
|   return 0;
| }
configure:4405: result: no
configure:4433: checking for sin
configure:4490: gcc -o conftest  -pipe   conftest.c  >&5
conftest.c:44:6: warning: incompatible redeclaration of library function 'sin' [-Wincompatible-library-redeclaration]
char sin ();
     ^
conftest.c:44:6: note: 'sin' is a builtin with type 'double (double)'
1 warning generated.
configure:4496: $? = 0
configure:4500: test -z 
			 || test ! -s conftest.err
configure:4503: $? = 0
configure:4506: test -s conftest
configure:4509: $? = 0
configure:4521: result: yes
configure:4529: checking for main in -lieee
configure:4553: gcc -o conftest  -pipe   conftest.c -lieee   >&5
ld: library not found for -lieee
clang: error: linker command failed with exit code 1 (use -v to see invocation)
configure:4559: $? = 1
configure: failed program was:
| /* confdefs.h.  */
| 
| #define PACKAGE_NAME "thread"
| #define PACKAGE_TARNAME "thread"
| #define PACKAGE_VERSION "2.7.0"
| #define PACKAGE_STRING "thread 2.7.0"
| #define PACKAGE_BUGREPORT ""
| #define BUILD_thread
| #define STDC_HEADERS 1
| #define HAVE_SYS_TYPES_H 1
| #define HAVE_SYS_STAT_H 1
| #define HAVE_STDLIB_H 1
| #define HAVE_STRING_H 1
| #define HAVE_MEMORY_H 1
| #define HAVE_STRINGS_H 1
| #define HAVE_INTTYPES_H 1
| #define HAVE_STDINT_H 1
| #define HAVE_UNISTD_H 1
| /* end confdefs.h.  */
| 
| 
| int
| main ()
| {
| main ();
|   ;
|   return 0;
| }
configure:4585: result: no
configure:4597: checking for main in -linet
configure:4621: gcc -o conftest  -pipe   conftest.c -linet   >&5
ld: library not found for -linet
clang: error: linker command failed with exit code 1 (use -v to see invocation)
configure:4627: $? = 1
configure: failed program was:
| /* confdefs.h.  */
| 
| #define PACKAGE_NAME "thread"
| #define PACKAGE_TARNAME "thread"
| #define PACKAGE_VERSION "2.7.0"
| #define PACKAGE_STRING "thread 2.7.0"
| #define PACKAGE_BUGREPORT ""
| #define BUILD_thread
| #define STDC_HEADERS 1
| #define HAVE_SYS_TYPES_H 1
| #define HAVE_SYS_STAT_H 1
| #define HAVE_STDLIB_H 1
| #define HAVE_STRING_H 1
| #define HAVE_MEMORY_H 1
| #define HAVE_STRINGS_H 1
| #define HAVE_INTTYPES_H 1
| #define HAVE_STDINT_H 1
| #define HAVE_UNISTD_H 1
| /* end confdefs.h.  */
| 
| 
| int
| main ()
| {
| main ();
|   ;
|   return 0;
| }
configure:4653: result: no
configure:4669: checking net/errno.h usability
configure:4681: gcc -c  -pipe  conftest.c >&5
conftest.c:54:10: fatal error: 'net/errno.h' file not found
#include <net/errno.h>
         ^
1 error generated.
configure:4687: $? = 1
configure: failed program was:
| /* confdefs.h.  */
| 
| #define PACKAGE_NAME "thread"
| #define PACKAGE_TARNAME "thread"
| #define PACKAGE_VERSION "2.7.0"
| #define PACKAGE_STRING "thread 2.7.0"
| #define PACKAGE_BUGREPORT ""
| #define BUILD_thread
| #define STDC_HEADERS 1
| #define HAVE_SYS_TYPES_H 1
| #define HAVE_SYS_STAT_H 1
| #define HAVE_STDLIB_H 1
| #define HAVE_STRING_H 1
| #define HAVE_MEMORY_H 1
| #define HAVE_STRINGS_H 1
| #define HAVE_INTTYPES_H 1
| #define HAVE_STDINT_H 1
| #define HAVE_UNISTD_H 1
| /* end confdefs.h.  */
| #include <stdio.h>
| #if HAVE_SYS_TYPES_H
| # include <sys/types.h>
| #endif
| #if HAVE_SYS_STAT_H
| # include <sys/stat.h>
| #endif
| #if STDC_HEADERS
| # include <stdlib.h>
| # include <stddef.h>
| #else
| # if HAVE_STDLIB_H
| #  include <stdlib.h>
| # endif
| #endif
| #if HAVE_STRING_H
| # if !STDC_HEADERS && HAVE_MEMORY_H
| #  include <memory.h>
| # endif
| # include <string.h>
| #endif
| #if HAVE_STRINGS_H
| # include <strings.h>
| #endif
| #if HAVE_INTTYPES_H
| # include <inttypes.h>
| #else
| # if HAVE_STDINT_H
| #  include <stdint.h>
| # endif
| #endif
| #if HAVE_UNISTD_H
| # include <unistd.h>
| #endif
| #include <net/errno.h>
configure:4710: result: no
configure:4714: checking net/errno.h presence
configure:4724: gcc -E  conftest.c
conftest.c:20:10: fatal error: 'net/errno.h' file not found
#include <net/errno.h>
         ^
1 error generated.
configure:4730: $? = 1
configure: failed program was:
| /* confdefs.h.  */
| 
| #define PACKAGE_NAME "thread"
| #define PACKAGE_TARNAME "thread"
| #define PACKAGE_VERSION "2.7.0"
| #define PACKAGE_STRING "thread 2.7.0"
| #define PACKAGE_BUGREPORT ""
| #define BUILD_thread
| #define STDC_HEADERS 1
| #define HAVE_SYS_TYPES_H 1
| #define HAVE_SYS_STAT_H 1
| #define HAVE_STDLIB_H 1
| #define HAVE_STRING_H 1
| #define HAVE_MEMORY_H 1
| #define HAVE_STRINGS_H 1
| #define HAVE_INTTYPES_H 1
| #define HAVE_STDINT_H 1
| #define HAVE_UNISTD_H 1
| /* end confdefs.h.  */
| #include <net/errno.h>
configure:4750: result: no
configure:4785: checking for net/errno.h
configure:4792: result: no
configure:4826: checking for connect
configure:4883: gcc -o conftest  -pipe   conftest.c  >&5
configure:4889: $? = 0
configure:4893: test -z 
			 || test ! -s conftest.err
configure:4896: $? = 0
configure:4899: test -s conftest
configure:4902: $? = 0
configure:4914: result: yes
configure:5189: checking for gethostbyname
configure:5246: gcc -o conftest  -pipe   conftest.c  >&5
configure:5252: $? = 0
configure:5256: test -z 
			 || test ! -s conftest.err
configure:5259: $? = 0
configure:5262: test -s conftest
configure:5265: $? = 0
configure:5277: result: yes
configure:5361: checking dirent.h
configure:5402: gcc -o conftest  -pipe   conftest.c  >&5
configure:5408: $? = 0
configure:5412: test -z 
			 || test ! -s conftest.err
configure:5415: $? = 0
configure:5418: test -s conftest
configure:5421: $? = 0
configure:5433: result: yes
configure:5455: checking errno.h usability
configure:5467: gcc -c  -pipe  conftest.c >&5
configure:5473: $? = 0
configure:5477: test -z 
			 || test ! -s conftest.err
configure:5480: $? = 0
configure:5483: test -s conftest.o
configure:5486: $? = 0
configure:5496: result: yes
configure:5500: checking errno.h presence
configure:5510: gcc -E  conftest.c
configure:5516: $? = 0
configure:5536: result: yes
configure:5571: checking for errno.h
configure:5578: result: yes
configure:5603: checking float.h usability
configure:5615: gcc -c  -pipe  conftest.c >&5
configure:5621: $? = 0
configure:5625: test -z 
			 || test ! -s conftest.err
configure:5628: $? = 0
configure:5631: test -s conftest.o
configure:5634: $? = 0
configure:5644: result: yes
configure:5648: checking float.h presence
configure:5658: gcc -E  conftest.c
configure:5664: $? = 0
configure:5684: result: yes
configure:5719: checking for float.h
configure:5726: result: yes
configure:5751: checking values.h usability
configure:5763: gcc -c  -pipe  conftest.c >&5
conftest.c:54:10: fatal error: 'values.h' file not found
#include <values.h>
         ^
1 error generated.
configure:5769: $? = 1
configure: failed program was:
| /* confdefs.h.  */
| 
| #define PACKAGE_NAME "thread"
| #define PACKAGE_TARNAME "thread"
| #define PACKAGE_VERSION "2.7.0"
| #define PACKAGE_STRING "thread 2.7.0"
| #define PACKAGE_BUGREPORT ""
| #define BUILD_thread
| #define STDC_HEADERS 1
| #define HAVE_SYS_TYPES_H 1
| #define HAVE_SYS_STAT_H 1
| #define HAVE_STDLIB_H 1
| #define HAVE_STRING_H 1
| #define HAVE_MEMORY_H 1
| #define HAVE_STRINGS_H 1
| #define HAVE_INTTYPES_H 1
| #define HAVE_STDINT_H 1
| #define HAVE_UNISTD_H 1
| /* end confdefs.h.  */
| #include <stdio.h>
| #if HAVE_SYS_TYPES_H
| # include <sys/types.h>
| #endif
| #if HAVE_SYS_STAT_H
| # include <sys/stat.h>
| #endif
| #if STDC_HEADERS
| # include <stdlib.h>
| # include <stddef.h>
| #else
| # if HAVE_STDLIB_H
| #  include <stdlib.h>
| # endif
| #endif
| #if HAVE_STRING_H
| # if !STDC_HEADERS && HAVE_MEMORY_H
| #  include <memory.h>
| # endif
| # include <string.h>
| #endif
| #if HAVE_STRINGS_H
| # include <strings.h>
| #endif
| #if HAVE_INTTYPES_H
| # include <inttypes.h>
| #else
| # if HAVE_STDINT_H
| #  include <stdint.h>
| # endif
| #endif
| #if HAVE_UNISTD_H
| # include <unistd.h>
| #endif
| #include <values.h>
configure:5792: result: no
configure:5796: checking values.h presence
configure:5806: gcc -E  conftest.c
conftest.c:20:10: fatal error: 'values.h' file not found
#include <values.h>
         ^
1 error generated.
configure:5812: $? = 1
configure: failed program was:
| /* confdefs.h.  */
| 
| #define PACKAGE_NAME "thread"
| #define PACKAGE_TARNAME "thread"
| #define PACKAGE_VERSION "2.7.0"
| #define PACKAGE_STRING "thread 2.7.0"
| #define PACKAGE_BUGREPORT ""
| #define BUILD_thread
| #define STDC_HEADERS 1
| #define HAVE_SYS_TYPES_H 1
| #define HAVE_SYS_STAT_H 1
| #define HAVE_STDLIB_H 1
| #define HAVE_STRING_H 1
| #define HAVE_MEMORY_H 1
| #define HAVE_STRINGS_H 1
| #define HAVE_INTTYPES_H 1
| #define HAVE_STDINT_H 1
| #define HAVE_UNISTD_H 1
| /* end confdefs.h.  */
| #include <values.h>
configure:5832: result: no
configure:5867: checking for values.h
configure:5874: result: no
configure:5899: checking limits.h usability
configure:5911: gcc -c  -pipe  conftest.c >&5
configure:5917: $? = 0
configure:5921: test -z 
			 || test ! -s conftest.err
configure:5924: $? = 0
configure:5927: test -s conftest.o
configure:5930: $? = 0
configure:5940: result: yes
configure:5944: checking limits.h presence
configure:5954: gcc -E  conftest.c
configure:5960: $? = 0
configure:5980: result: yes
configure:6015: checking for limits.h
configure:6022: result: yes
configure:6042: checking for stdlib.h
configure:6047: result: yes
configure:6244: checking for string.h
configure:6249: result: yes
configure:6443: checking sys/wait.h usability
configure:6455: gcc -c  -pipe  conftest.c >&5
configure:6461: $? = 0
configure:6465: test -z 
			 || test ! -s conftest.err
configure:6468: $? = 0
configure:6471: test -s conftest.o
configure:6474: $? = 0
configure:6484: result: yes
configure:6488: checking sys/wait.h presence
configure:6498: gcc -E  conftest.c
configure:6504: $? = 0
configure:6524: result: yes
configure:6559: checking for sys/wait.h
configure:6566: result: yes
configure:6591: checking dlfcn.h usability
configure:6603: gcc -c  -pipe  conftest.c >&5
configure:6609: $? = 0
configure:6613: test -z 
			 || test ! -s conftest.err
configure:6616: $? = 0
configure:6619: test -s conftest.o
configure:6622: $? = 0
configure:6632: result: yes
configure:6636: checking dlfcn.h presence
configure:6646: gcc -E  conftest.c
configure:6652: $? = 0
configure:6672: result: yes
configure:6707: checking for dlfcn.h
configure:6714: result: yes
configure:6745: checking sys/param.h usability
configure:6757: gcc -c  -pipe  conftest.c >&5
configure:6763: $? = 0
configure:6767: test -z 
			 || test ! -s conftest.err
configure:6770: $? = 0
configure:6773: test -s conftest.o
configure:6776: $? = 0
configure:6786: result: yes
configure:6790: checking sys/param.h presence
configure:6800: gcc -E  conftest.c
configure:6806: $? = 0
configure:6826: result: yes
configure:6861: checking for sys/param.h
configure:6868: result: yes
configure:6972: checking for NaviServer/AOLserver configuration
configure:6999: result: none found
configure:7260: checking for Tcl public headers
configure:7331: error: tcl.h not found.  Please specify its location with --with-tclinclude

## ---------------- ##
## Cache variables. ##
## ---------------- ##

ac_cv_c_bigendian=no
ac_cv_c_compiler_gnu=yes
ac_cv_c_tclconfig='/Users/yehjames/Documents/Google Code Jam/2016/1-A-round/2/MacPorts-2.3.3/vendor/tcl8.5.15/unix'
ac_cv_env_CC_set=
ac_cv_env_CC_value=
ac_cv_env_CFLAGS_set=
ac_cv_env_CFLAGS_value=
ac_cv_env_CPPFLAGS_set=
ac_cv_env_CPPFLAGS_value=
ac_cv_env_CPP_set=
ac_cv_env_CPP_value=
ac_cv_env_LDFLAGS_set=
ac_cv_env_LDFLAGS_value=
ac_cv_env_build_alias_set=
ac_cv_env_build_alias_value=
ac_cv_env_host_alias_set=
ac_cv_env_host_alias_value=
ac_cv_env_target_alias_set=
ac_cv_env_target_alias_value=
ac_cv_exeext=
ac_cv_func_connect=yes
ac_cv_func_gethostbyname=yes
ac_cv_func_sin=yes
ac_cv_header_dlfcn_h=yes
ac_cv_header_errno_h=yes
ac_cv_header_float_h=yes
ac_cv_header_inttypes_h=yes
ac_cv_header_limits_h=yes
ac_cv_header_memory_h=yes
ac_cv_header_net_errno_h=no
ac_cv_header_stdc=yes
ac_cv_header_stdint_h=yes
ac_cv_header_stdlib_h=yes
ac_cv_header_string_h=yes
ac_cv_header_strings_h=yes
ac_cv_header_sys_param_h=yes
ac_cv_header_sys_stat_h=yes
ac_cv_header_sys_types_h=yes
ac_cv_header_sys_wait_h=yes
ac_cv_header_unistd_h=yes
ac_cv_header_values_h=no
ac_cv_lib_ieee_main=no
ac_cv_lib_inet_main=no
ac_cv_objext=o
ac_cv_prog_CPP='gcc -E'
ac_cv_prog_ac_ct_CC=gcc
ac_cv_prog_ac_ct_RANLIB=ranlib
ac_cv_prog_cc_g=yes
ac_cv_prog_cc_stdc=
ac_cv_prog_egrep='grep -E'
ac_cv_prog_make_make_set=yes
tcl_cv_cc_pipe=yes
tcl_cv_dirent_h=yes

## ----------------- ##
## Output variables. ##
## ----------------- ##

AR=''
CC='gcc'
CELIB_DIR=''
CFLAGS=' -pipe'
CFLAGS_DEBUG=''
CFLAGS_DEFAULT=''
CFLAGS_OPTIMIZE=''
CFLAGS_WARNING=''
CLEANFILES=''
CPP='gcc -E'
CPPFLAGS=''
CYGPATH='echo'
DEFS=''
ECHO_C='ECHO_N=''
ECHO_T=''
EGREP='grep -E'
EXEEXT=''
LDFLAGS=''
LDFLAGS_DEFAULT=''
LD_LIBRARY_PATH_VAR=''
LIBOBJS=''
LIBS=''
LTLIBOBJS=''
MAKE_LIB=''
MAKE_SHARED_LIB=''
MAKE_STATIC_LIB=''
MAKE_STUB_LIB=''
MATH_LIBS=''
OBJEXT='o'
PACKAGE_BUGREPORT=''
PACKAGE_NAME='thread'
PACKAGE_STRING='thread 2.7.0'
PACKAGE_TARNAME='thread'
PACKAGE_VERSION='2.7.0'
PATH_SEPARATOR=':'
PKG_CFLAGS=' '
PKG_HEADERS=' generic/tclThread.h'
PKG_INCLUDES=''
PKG_LIBS=''
PKG_LIB_FILE=''
PKG_OBJECTS=' threadNs.o threadCmd.o threadSvCmd.o threadSpCmd.o threadPoolCmd.o psGdbm.o threadSvListCmd.o threadSvKeylistCmd.o tclXkeylist.o threadUnix.o'
PKG_SOURCES=' generic/threadNs.c generic/threadCmd.c generic/threadSvCmd.c generic/threadSpCmd.c generic/threadPoolCmd.c generic/psGdbm.c generic/threadSvListCmd.c generic/threadSvKeylistCmd.c generic/tclXkeylist.c unix/threadUnix.c'
PKG_STUB_LIB_FILE=''
PKG_STUB_OBJECTS=''
PKG_STUB_SOURCES=''
PKG_TCL_SOURCES=' lib/ttrace.tcl'
RANLIB='ranlib'
RANLIB_STUB=''
RC=''
SET_MAKE=''
SHARED_BUILD=''
SHELL='/bin/sh'
SHLIB_CFLAGS=''
SHLIB_LD=''
SHLIB_LD_LIBS=''
STLIB_LD=''
TCLSH_PROG=''
TCL_BIN_DIR='/Users/yehjames/Documents/Google Code Jam/2016/1-A-round/2/MacPorts-2.3.3/vendor/tcl8.5.15/unix'
TCL_DBGX=''
TCL_DEFS='-DPACKAGE_NAME=\"tcl\" -DPACKAGE_TARNAME=\"tcl\" -DPACKAGE_VERSION=\"8.5\" -DPACKAGE_STRING=\"tcl\ 8.5\" -DPACKAGE_BUGREPORT=\"\" -DSTDC_HEADERS=1 -DHAVE_SYS_TYPES_H=1 -DHAVE_SYS_STAT_H=1 -DHAVE_STDLIB_H=1 -DHAVE_STRING_H=1 -DHAVE_MEMORY_H=1 -DHAVE_STRINGS_H=1 -DHAVE_INTTYPES_H=1 -DHAVE_STDINT_H=1 -DHAVE_UNISTD_H=1 -DNO_VALUES_H=1 -DHAVE_LIMITS_H=1 -DHAVE_SYS_PARAM_H=1 -DUSE_THREAD_ALLOC=1 -D_REENTRANT=1 -D_THREAD_SAFE=1 -DHAVE_PTHREAD_ATTR_SETSTACKSIZE=1 -DHAVE_PTHREAD_ATFORK=1 -DHAVE_PTHREAD_GET_STACKSIZE_NP=1 -DTCL_THREADS=1 -DTCL_CFGVAL_ENCODING=\"iso8859-1\" -DMODULE_SCOPE=extern\ __attribute__\(\(__visibility__\(\"hidden\"\)\)\) -DMAC_OSX_TCL=1 -DHAVE_COREFOUNDATION=1 -DHAVE_CAST_TO_UNION=1 -DTCL_SHLIB_EXT=\".dylib\" -DNDEBUG=1 -DTCL_CFG_OPTIMIZED=1 -DTCL_TOMMATH=1 -DMP_PREC=4 -DTCL_WIDE_INT_IS_LONG=1 -DHAVE_GETCWD=1 -DHAVE_OPENDIR=1 -DHAVE_STRTOL=1 -DHAVE_WAITPID=1 -DHAVE_GETADDRINFO=1 -DHAVE_GETPWUID_R_5=1 -DHAVE_GETPWUID_R=1 -DHAVE_GETPWNAM_R_5=1 -DHAVE_GETPWNAM_R=1 -DHAVE_GETGRGID_R_5=1 -DHAVE_GETGRGID_R=1 -DHAVE_GETGRNAM_R_5=1 -DHAVE_GETGRNAM_R=1 -DHAVE_MTSAFE_GETHOSTBYNAME=1 -DHAVE_MTSAFE_GETHOSTBYADDR=1 -DHAVE_SYS_TIME_H=1 -DTIME_WITH_SYS_TIME=1 -DHAVE_GMTIME_R=1 -DHAVE_LOCALTIME_R=1 -DHAVE_MKTIME=1 -DHAVE_TM_GMTOFF=1 -DHAVE_TIMEZONE_VAR=1 -DHAVE_STRUCT_STAT_ST_BLOCKS=1 -DHAVE_STRUCT_STAT_ST_BLKSIZE=1 -DHAVE_BLKCNT_T=1 -DHAVE_INTPTR_T=1 -DHAVE_UINTPTR_T=1 -DHAVE_SIGNED_CHAR=1 -DHAVE_LANGINFO=1 -DHAVE_CHFLAGS=1 -DHAVE_GETATTRLIST=1 -DHAVE_COPYFILE_H=1 -DHAVE_COPYFILE=1 -DHAVE_LIBKERN_OSATOMIC_H=1 -DHAVE_OSSPINLOCKLOCK=1 -DUSE_VFORK=1 -DTCL_DEFAULT_ENCODING=\"utf-8\" -DTCL_LOAD_FROM_MEMORY=1 -DTCL_WIDE_CLICKS=1 -DHAVE_AVAILABILITYMACROS_H=1 -DHAVE_WEAK_IMPORT=1 -D_DARWIN_C_SOURCE=1 -DHAVE_FTS=1 -DHAVE_SYS_IOCTL_H=1 -DHAVE_SYS_FILIO_H=1 -DTCL_UNLOAD_DLLS=1 -DHAVE_CPUID=1 '
TCL_EXTRA_CFLAGS='-pipe   '
TCL_INCLUDES=''
TCL_LD_FLAGS=' -prebind -headerpad_max_install_names -Wl,-search_paths_first '
TCL_LIBS='${DL_LIBS} ${LIBS} ${MATH_LIBS}'
TCL_LIB_FILE='libtcl8.5.dylib'
TCL_LIB_FLAG='-ltcl8.5'
TCL_LIB_SPEC='-L/Users/yehjames/Documents/Google\ Code\ Jam/2016/1-A-round/2/MacPorts-2.3.3/vendor/tcl8.5.15/unix -ltcl8.5'
TCL_PATCH_LEVEL='.15'
TCL_SHLIB_LD_LIBS='${LIBS}'
TCL_SRC_DIR='/Users/yehjames/Documents/Google Code Jam/2016/1-A-round/2/MacPorts-2.3.3/vendor/tcl8.5.15'
TCL_STUB_LIB_FILE='libtclstub8.5.a'
TCL_STUB_LIB_FLAG='-ltclstub8.5'
TCL_STUB_LIB_SPEC='-L/Users/yehjames/Documents/Google\ Code\ Jam/2016/1-A-round/2/MacPorts-2.3.3/vendor/tcl8.5.15/unix -ltclstub8.5'
TCL_THREADS='1'
TCL_VERSION='8.5'
VC_MANIFEST_EMBED_DLL=''
VC_MANIFEST_EMBED_EXE=''
ac_ct_AR=''
ac_ct_CC='gcc'
ac_ct_RANLIB='ranlib'
ac_ct_RC=''
bindir='${exec_prefix}/bin'
build_alias=''
datadir='${prefix}/share'
exec_prefix='/opt/local/libexec/macports'
host_alias=''
includedir='${prefix}/include'
infodir='${prefix}/info'
libdir='${exec_prefix}/lib'
libexecdir='${exec_prefix}/libexec'
localstatedir='${prefix}/var'
mandir='${prefix}/man'
oldincludedir='/usr/include'
prefix='/opt/local/libexec/macports'
program_transform_name='s,x,x,'
sbindir='${exec_prefix}/sbin'
sharedstatedir='${prefix}/com'
sysconfdir='${prefix}/etc'
target_alias=''

## ----------- ##
## confdefs.h. ##
## ----------- ##

#define BUILD_thread
#define HAVE_INTTYPES_H 1
#define HAVE_LIMITS_H 1
#define HAVE_MEMORY_H 1
#define HAVE_STDINT_H 1
#define HAVE_STDLIB_H 1
#define HAVE_STRINGS_H 1
#define HAVE_STRING_H 1
#define HAVE_SYS_PARAM_H 1
#define HAVE_SYS_STAT_H 1
#define HAVE_SYS_TYPES_H 1
#define HAVE_UNISTD_H 1
#define NO_VALUES_H 1
#define PACKAGE_BUGREPORT ""
#define PACKAGE_NAME "thread"
#define PACKAGE_STRING "thread 2.7.0"
#define PACKAGE_TARNAME "thread"
#define PACKAGE_VERSION "2.7.0"
#define STDC_HEADERS 1

configure: exit 1
